<?xml version="1.0" encoding="UTF-8"?>
<!-- Generated by org.testng.reporters.JUnitXMLReporter -->
<testsuite ignored="0" hostname="TDXL-PF2WS5G3" failures="0" tests="4" name="Surefire test" time="15.818" errors="0" timestamp="12 May 2022 11:31:25 GMT">
  <testcase classname="com.mabaya.automation.tests.ui.MabayaTest" name="loginNegativeTest" time="2.788"/>
  <testcase classname="com.mabaya.automation.tests.ui.MabayaTest" name="loginNegativeTest" time="1.118"/>
  <testcase classname="com.mabaya.automation.tests.ui.MabayaTest" name="loginTest" time="2.037"/>
  <testcase classname="com.mabaya.automation.tests.ui.MabayaTest" name="sendGetTest" time="1.493"/>
</testsuite> <!-- Surefire test -->
