<?xml version="1.0" encoding="UTF-8"?>
<testsuite xmlns:xsi="http://www.w3.org/2001/XMLSchema-instance" xsi:noNamespaceSchemaLocation="https://maven.apache.org/surefire/maven-surefire-plugin/xsd/surefire-test-report.xsd" name="TestSuite" time="16.588" tests="4" errors="0" skipped="0" failures="0">
  <properties>
[...]
</properties>
  <testcase name="loginNegativeTest" classname="com.mabaya.automation.tests.ui.MabayaTest" time="2.784"/>
  <testcase name="loginNegativeTest" classname="com.mabaya.automation.tests.ui.MabayaTest" time="1.113"/>
  <testcase name="loginTest" classname="com.mabaya.automation.tests.ui.MabayaTest" time="2.032"/>
  <testcase name="sendGetTest" classname="com.mabaya.automation.tests.ui.MabayaTest" time="1.481"/>
</testsuite>