<?xml version="1.0" encoding="UTF-8"?>
<testng-results ignored="0" total="4" passed="4" failed="0" skipped="0">
  <reporter-output>
  </reporter-output>
  <suite started-at="2022-05-12T11:31:09Z" name="Surefire suite" finished-at="2022-05-12T11:31:25Z" duration-ms="15818">
    <groups>
    </groups>
    <test started-at="2022-05-12T11:31:09Z" name="Surefire test" finished-at="2022-05-12T11:31:25Z" duration-ms="15818">
      <class name="com.mabaya.automation.tests.ui.MabayaTest">
        <test-method is-config="true" signature="baseUiSetup()[pri:0, instance:com.mabaya.automation.tests.ui.MabayaTest@1ea9f6af]" started-at="2022-05-12T11:31:09Z" name="baseUiSetup" finished-at="2022-05-12T11:31:13Z" duration-ms="3907" status="PASS">
          <reporter-output>
          </reporter-output>
        </test-method> <!-- baseUiSetup -->
        <test-method is-config="true" signature="testSetup()[pri:0, instance:com.mabaya.automation.tests.ui.MabayaTest@1ea9f6af]" started-at="2022-05-12T11:31:13Z" name="testSetup" finished-at="2022-05-12T11:31:13Z" duration-ms="3" status="PASS">
          <reporter-output>
          </reporter-output>
        </test-method> <!-- testSetup -->
        <test-method is-config="true" signature="navigate()[pri:0, instance:com.mabaya.automation.tests.ui.MabayaTest@1ea9f6af]" started-at="2022-05-12T11:31:13Z" name="navigate" finished-at="2022-05-12T11:31:15Z" duration-ms="2149" status="PASS">
          <reporter-output>
          </reporter-output>
        </test-method> <!-- navigate -->
        <test-method signature="loginNegativeTest(java.lang.String, java.lang.String, java.lang.String)[pri:10, instance:com.mabaya.automation.tests.ui.MabayaTest@1ea9f6af]" started-at="2022-05-12T11:31:15Z" name="loginNegativeTest" data-provider="loginDetailsNegativeProvider" finished-at="2022-05-12T11:31:18Z" duration-ms="2788" status="PASS">
          <params>
            <param index="0">
              <value>
                <![CDATA[interviewtestuser@mabaya.com]]>
              </value>
            </param>
            <param index="1">
              <value>
                <![CDATA[goodLuck!]]>
              </value>
            </param>
            <param index="2">
              <value>
                <![CDATA[Invalid username or password]]>
              </value>
            </param>
          </params>
          <reporter-output>
          </reporter-output>
        </test-method> <!-- loginNegativeTest -->
        <test-method is-config="true" signature="navigate()[pri:0, instance:com.mabaya.automation.tests.ui.MabayaTest@1ea9f6af]" started-at="2022-05-12T11:31:18Z" name="navigate" finished-at="2022-05-12T11:31:19Z" duration-ms="1404" status="PASS">
          <reporter-output>
          </reporter-output>
        </test-method> <!-- navigate -->
        <test-method signature="loginNegativeTest(java.lang.String, java.lang.String, java.lang.String)[pri:10, instance:com.mabaya.automation.tests.ui.MabayaTest@1ea9f6af]" started-at="2022-05-12T11:31:19Z" name="loginNegativeTest" data-provider="loginDetailsNegativeProvider" finished-at="2022-05-12T11:31:20Z" duration-ms="1118" status="PASS">
          <params>
            <param index="0">
              <value>
                <![CDATA[interviewtestuser3005@mabaya.com]]>
              </value>
            </param>
            <param index="1">
              <value>
                <![CDATA[goodLuck]]>
              </value>
            </param>
            <param index="2">
              <value>
                <![CDATA[Invalid username or password]]>
              </value>
            </param>
          </params>
          <reporter-output>
          </reporter-output>
        </test-method> <!-- loginNegativeTest -->
        <test-method is-config="true" signature="navigate()[pri:0, instance:com.mabaya.automation.tests.ui.MabayaTest@1ea9f6af]" started-at="2022-05-12T11:31:20Z" name="navigate" finished-at="2022-05-12T11:31:21Z" duration-ms="480" status="PASS">
          <reporter-output>
          </reporter-output>
        </test-method> <!-- navigate -->
        <test-method signature="loginTest(java.lang.String, java.lang.String)[pri:20, instance:com.mabaya.automation.tests.ui.MabayaTest@1ea9f6af]" started-at="2022-05-12T11:31:21Z" name="loginTest" data-provider="loginDetailsProvider" finished-at="2022-05-12T11:31:23Z" duration-ms="2037" status="PASS">
          <params>
            <param index="0">
              <value>
                <![CDATA[interviewtestuser3005@mabaya.com]]>
              </value>
            </param>
            <param index="1">
              <value>
                <![CDATA[goodLuck!]]>
              </value>
            </param>
          </params>
          <reporter-output>
          </reporter-output>
        </test-method> <!-- loginTest -->
        <test-method is-config="true" signature="navigate()[pri:0, instance:com.mabaya.automation.tests.ui.MabayaTest@1ea9f6af]" started-at="2022-05-12T11:31:23Z" name="navigate" finished-at="2022-05-12T11:31:23Z" duration-ms="89" status="PASS">
          <reporter-output>
          </reporter-output>
        </test-method> <!-- navigate -->
        <test-method signature="sendGetTest()[pri:30, instance:com.mabaya.automation.tests.ui.MabayaTest@1ea9f6af]" started-at="2022-05-12T11:31:23Z" name="sendGetTest" finished-at="2022-05-12T11:31:24Z" duration-ms="1493" status="PASS">
          <reporter-output>
          </reporter-output>
        </test-method> <!-- sendGetTest -->
        <test-method is-config="true" signature="baseUiTearDown()[pri:0, instance:com.mabaya.automation.tests.ui.MabayaTest@1ea9f6af]" started-at="2022-05-12T11:31:24Z" name="baseUiTearDown" finished-at="2022-05-12T11:31:25Z" duration-ms="320" status="PASS">
          <reporter-output>
          </reporter-output>
        </test-method> <!-- baseUiTearDown -->
      </class> <!-- com.mabaya.automation.tests.ui.MabayaTest -->
    </test> <!-- Surefire test -->
  </suite> <!-- Surefire suite -->
</testng-results>
